  Compiling CUDA source file kernel.cu...
  
  F:\lgh\Try\Try>"C:\Program Files\NVIDIA GPU Computing Toolkit\CUDA\v11.8\bin\nvcc.exe" -gencode=arch=compute_52,code=\"sm_52,compute_52\" --use-local-env -ccbin "E:\Visual Studio\2022\Community\VC\Tools\MSVC\14.33.31629\bin\HostX64\x64" -x cu   -I"C:\Program Files\NVIDIA GPU Computing Toolkit\CUDA\v11.8\include" -I"C:\Program Files\NVIDIA GPU Computing Toolkit\CUDA\v11.8\include"  -G   --keep-dir x64\Debug  -maxrregcount=0  --machine 64 --compile -cudart static  -g  -DWIN32 -DWIN64 -D_DEBUG -D_CONSOLE -D_MBCS -Xcompiler "/EHsc /W3 /nologo /Od /Fdx64\Debug\vc143.pdb /FS /Zi /RTC1 /MDd " -o F:\lgh\Try\Try\x64\Debug\kernel.cu.obj "F:\lgh\Try\Try\kernel.cu" 
F:\lgh\Try\Try\Collide.h(450): warning #177-D: variable "r_temp" was declared but never referenced
  
F:\lgh\Try\Try\kernel.cu(769): warning #177-D: variable "levelBaseSkip" was declared but never referenced
  
F:\lgh\Try\Try\cyPointCloud.h(145): warning #461-D: initial value of reference to non-const must be an lvalue
            detected during:
              instantiation of "void cy::PointCloud<PointType, FType, DIMENSIONS, SIZE_TYPE>::BuildWithFunc(SIZE_TYPE, PointPosFunc, CustomIndexFunc) [with PointType=Vec3f, FType=float, DIMENSIONS=3U, SIZE_TYPE=int, PointPosFunc=lambda [](int)->Vec3f, CustomIndexFunc=lambda [](int)->int]" 
  (117): here
              instantiation of "void cy::PointCloud<PointType, FType, DIMENSIONS, SIZE_TYPE>::BuildWithFunc(SIZE_TYPE, PointPosFunc) [with PointType=Vec3f, FType=float, DIMENSIONS=3U, SIZE_TYPE=int, PointPosFunc=lambda [](int)->Vec3f]" 
  (104): here
              instantiation of "void cy::PointCloud<PointType, FType, DIMENSIONS, SIZE_TYPE>::Build(SIZE_TYPE, PointType *) [with PointType=Vec3f, FType=float, DIMENSIONS=3U, SIZE_TYPE=int]" 
  F:\lgh\Try\Try\kernel.cu(809): here
  
  kernel.cu
F:\lgh\Try\Try\kernel.cu(390): warning C4267: “初始化”: 从“size_t”转换到“int”，可能丢失数据
F:\lgh\Try\Try\kernel.cu(441): warning C4267: “初始化”: 从“size_t”转换到“int”，可能丢失数据
F:\lgh\Try\Try\kernel.cu(443): warning C4305: “参数”: 从“int”到“T”截断
          with
          [
              T=float
          ]
F:\lgh\Try\Try\kernel.cu(444): warning C4305: “参数”: 从“int”到“T”截断
          with
          [
              T=float
          ]
F:\lgh\Try\Try\kernel.cu(528): warning C4244: “初始化”: 从“double”转换到“float”，可能丢失数据
F:\lgh\Try\Try\kernel.cu(537): warning C4244: “初始化”: 从“double”转换到“float”，可能丢失数据
F:\lgh\Try\Try\kernel.cu(584): warning C4305: “参数”: 从“double”到“T”截断
          with
          [
              T=float
          ]
F:\lgh\Try\Try\kernel.cu(688): warning C4244: “参数”: 从“int”转换到“T”，可能丢失数据
          with
          [
              T=float
          ]
    正在创建库 F:\lgh\Try\x64\Debug\Try.lib 和对象 F:\lgh\Try\x64\Debug\Try.exp
LINK : warning LNK4098: 默认库“LIBCMT”与其他库的使用冲突；请使用 /NODEFAULTLIB:library
LINK : warning LNK4098: 默认库“MSVCRT”与其他库的使用冲突；请使用 /NODEFAULTLIB:library
  Try.vcxproj -> F:\lgh\Try\x64\Debug\Try.exe
