  Compiling CUDA source file kernel.cu...
  
  F:\lgh\Try\Try>"C:\Program Files\NVIDIA GPU Computing Toolkit\CUDA\v11.8\bin\nvcc.exe" -gencode=arch=compute_52,code=\"sm_52,compute_52\" --use-local-env -ccbin "E:\Visual Studio\2022\Community\VC\Tools\MSVC\14.33.31629\bin\HostX64\x64" -x cu   -I"C:\Program Files\NVIDIA GPU Computing Toolkit\CUDA\v11.8\include" -I"C:\Program Files\NVIDIA GPU Computing Toolkit\CUDA\v11.8\include"     --keep-dir x64\Release  -maxrregcount=0  --machine 64 --compile -cudart static    -DWIN32 -DWIN64 -DNDEBUG -D_CONSOLE -D_MBCS -Xcompiler "/EHsc /W3 /nologo /O2 /Fdx64\Release\vc143.pdb /FS   /MD " -o F:\lgh\Try\Try\x64\Release\kernel.cu.obj "F:\lgh\Try\Try\kernel.cu" 
F:\lgh\Try\Try\kernel.cu(640): warning #177-D: variable "levelBaseSkip" was declared but never referenced
  
F:\lgh\Try\Try\cyPointCloud.h(145): warning #461-D: initial value of reference to non-const must be an lvalue
            detected during:
              instantiation of "void cy::PointCloud<PointType, FType, DIMENSIONS, SIZE_TYPE>::BuildWithFunc(SIZE_TYPE, PointPosFunc, CustomIndexFunc) [with PointType=Vec3f, FType=float, DIMENSIONS=3U, SIZE_TYPE=int, PointPosFunc=lambda [](int)->Vec3f, CustomIndexFunc=lambda [](int)->int]" 
  (117): here
              instantiation of "void cy::PointCloud<PointType, FType, DIMENSIONS, SIZE_TYPE>::BuildWithFunc(SIZE_TYPE, PointPosFunc) [with PointType=Vec3f, FType=float, DIMENSIONS=3U, SIZE_TYPE=int, PointPosFunc=lambda [](int)->Vec3f]" 
  (104): here
              instantiation of "void cy::PointCloud<PointType, FType, DIMENSIONS, SIZE_TYPE>::Build(SIZE_TYPE, PointType *) [with PointType=Vec3f, FType=float, DIMENSIONS=3U, SIZE_TYPE=int]" 
  F:\lgh\Try\Try\kernel.cu(680): here
  
  kernel.cu
F:\lgh\Try\Try\kernel.cu(453): warning C4267: “初始化”: 从“size_t”转换到“int”，可能丢失数据
F:\lgh\Try\Try\kernel.cu(511): warning C4305: “参数”: 从“double”到“T”截断
          with
          [
              T=float
          ]
F:\lgh\Try\Try\kernel.cu(559): warning C4244: “参数”: 从“int”转换到“T”，可能丢失数据
          with
          [
              T=float
          ]
  glad.c
    正在创建库 F:\lgh\Try\x64\Release\Try.lib 和对象 F:\lgh\Try\x64\Release\Try.exp
LINK : warning LNK4098: 默认库“LIBCMT”与其他库的使用冲突；请使用 /NODEFAULTLIB:library
  正在生成代码
  Previous IPDB not found, fall back to full compilation.
  All 334 functions were compiled because no usable IPDB/IOBJ from previous compilation was found.
  已完成代码的生成
  Try.vcxproj -> F:\lgh\Try\x64\Release\Try.exe
